#
# A fatal error has been detected by the Java Runtime Environment:
#
#  SIGSEGV (0xb) at pc=0x00000001092232b0, pid=4748, tid=19459
#
# JRE version: Java(TM) SE Runtime Environment (8.0_25-b17) (build 1.8.0_25-b17)
# Java VM: Java HotSpot(TM) 64-Bit Server VM (25.25-b02 mixed mode bsd-amd64 compressed oops)
# Problematic frame:
# V  [libjvm.dylib+0x4232b0]  Method::checked_resolve_jmethod_id(_jmethodID*)+0xe
#
# Failed to write core dump. Core dumps have been disabled. To enable core dumping, try "ulimit -c unlimited" before starting Java again
#
# If you would like to submit a bug report, please visit:
#   http://bugreport.sun.com/bugreport/crash.jsp
#

---------------  T H R E A D  ---------------

Current thread (0x00007f8975801000):  JavaThread "JDWP Transport Listener: dt_socket" daemon [_thread_in_vm, id=19459, stack(0x0000700000fca000,0x00007000010ca000)]

siginfo: si_signo: 11 (SIGSEGV), si_code: 0 (unknown), si_addr: 0x0000000000000000

Registers:
RAX=0x0000000000000001, RBX=0x00007000010c9a8b, RCX=0x00000001095d6c80, RDX=0x00007000010c9a8b
RSP=0x00007000010c99d0, RBP=0x00007000010c99e0, RSI=0x00007f8975801000, RDI=0x20200a3b656e6f6e
R8 =0x0000000000000000, R9 =0x00007f8972e2aac0, R10=0x00000000f6c986ee, R11=0x00007f8972e00000
R12=0x00007f8975801000, R13=0x20200a3b656e6f6e, R14=0x20200a3b656e6f6e, R15=0x00007f8972e02660
RIP=0x00000001092232b0, EFLAGS=0x0000000000010202, ERR=0x0000000000000000
  TRAPNO=0x000000000000000d

Top of Stack: (sp=0x00007000010c99d0)
0x00007000010c99d0:   00007000010c9a8b 00007000010c9a8b
0x00007000010c99e0:   00007000010c9a40 000000010913526e
0x00007000010c99f0:   00007f8975801000 0000000000000000
0x00007000010c9a00:   0000000000000000 0000000000000000
0x00007000010c9a10:   00007f8975801000 00007f8975801000
0x00007000010c9a20:   00007000010c9a8b 00007000010c9a90
0x00007000010c9a30:   20200a3b656e6f6e 0000000000000003
0x00007000010c9a40:   00007000010c9a60 0000000107cbd7dc
0x00007000010c9a50:   0000000000000001 00007000010c9b08
0x00007000010c9a60:   00007000010c9ad0 0000000107ca2263
0x00007000010c9a70:   00007000010c9aa0 00007f8972e2b980
0x00007000010c9a80:   0000000500000032 00000009000c9b08
0x00007000010c9a90:   0000000000000000 0000000000000000
0x00007000010c9aa0:   0000000000000000 00007000010c9c90
0x00007000010c9ab0:   0000000107cc4eca 00007f8972e2b2a0
0x00007000010c9ac0:   00007000010c9b08 0000000107cd0588
0x00007000010c9ad0:   00007000010c9ae0 0000000107ca235c
0x00007000010c9ae0:   00007000010c9d00 0000000107cab8f6
0x00007000010c9af0:   00007c6300000013 00000000000f0200
0x00007000010c9b00:   00007f8972e2b720 00007f8972e2bccd
0x00007000010c9b10:   00007f890000012b 00007f8972e2be00
0x00007000010c9b20:   000000000000012c 00007000010c9b58
0x00007000010c9b30:   00007f8972e2be00 0000000000000000
0x00007000010c9b40:   00007c630000000f 00007fff0000ec80
0x00007000010c9b50:   00007000010c9b58 897f000005000000
0x00007000010c9b60:   0d0000004860f172 6d246164626d616c
0x00007000010c9b70:   00000030246e6961 69672f74694c2838
0x00007000010c9b80:   7265626f6d6f6361 6361662f696d6167
0x00007000010c9b90:   6974752f69657265 726574696c2f736c
0x00007000010c9ba0:   6f432f6572757461 293b73746e65746e
0x00007000010c9bb0:   1000f0000000005a 9bd272897f00000a
0x00007000010c9bc0:   7265700c00000080 726575516d726f66 

Instructions: (pc=0x00000001092232b0)
0x0000000109223290:   40 48 48 85 c0 75 e0 30 c0 0f b6 c0 5d c3 31 c0
0x00000001092232a0:   5d c3 55 48 89 e5 53 48 83 ec 08 48 85 ff 74 24
0x00000001092232b0:   48 8b 1f 48 85 db 74 1c 48 83 fb 37 74 16 48 8b
0x00000001092232c0:   03 48 89 df ff 50 10 84 c0 b8 00 00 00 00 48 0f 

Register to memory mapping:

RAX=0x0000000000000001 is an unknown value
RBX=0x00007000010c9a8b is pointing into the stack for thread: 0x00007f8975801000
RCX=0x00000001095d6c80: UseMembar+0 in /Library/Java/JavaVirtualMachines/jdk1.8.0_25.jdk/Contents/Home/jre/lib/server/libjvm.dylib at 0x0000000108e00000
RDX=0x00007000010c9a8b is pointing into the stack for thread: 0x00007f8975801000
RSP=0x00007000010c99d0 is pointing into the stack for thread: 0x00007f8975801000
RBP=0x00007000010c99e0 is pointing into the stack for thread: 0x00007f8975801000
RSI=0x00007f8975801000 is a thread
RDI=0x20200a3b656e6f6e is an unknown value
R8 =0x0000000000000000 is an unknown value
R9 =0x00007f8972e2aac0 is an unknown value
R10=0x00000000f6c986ee is an unknown value
R11=0x00007f8972e00000 is an unknown value
R12=0x00007f8975801000 is a thread
R13=0x20200a3b656e6f6e is an unknown value
R14=0x20200a3b656e6f6e is an unknown value
R15=0x00007f8972e02660 is an unknown value


Stack: [0x0000700000fca000,0x00007000010ca000],  sp=0x00007000010c99d0,  free space=1022k
Native frames: (J=compiled Java code, j=interpreted, Vv=VM code, C=native code)
V  [libjvm.dylib+0x4232b0]  Method::checked_resolve_jmethod_id(_jmethodID*)+0xe
V  [libjvm.dylib+0x33526e]  jvmti_IsMethodSynthetic+0xb2
C  [libjdwp.dylib+0x207dc]  isMethodSynthetic+0x63
C  [libjdwp.dylib+0x5263]  methods1+0x10b
C  [libjdwp.dylib+0x535c]  methodsWithGeneric+0xe
C  [libjdwp.dylib+0xe8f6]  debugLoop_run+0x1ce
C  [libjdwp.dylib+0x1f716]  attachThread+0x4d
V  [libjvm.dylib+0x3762ce]  JvmtiAgentThread::call_start_function()+0x38
V  [libjvm.dylib+0x535ed9]  JavaThread::thread_main_inner()+0x9b
V  [libjvm.dylib+0x53761c]  JavaThread::run()+0x1c2
V  [libjvm.dylib+0x45d87e]  java_start(Thread*)+0xf6
C  [libsystem_pthread.dylib+0x399d]  _pthread_body+0x83
C  [libsystem_pthread.dylib+0x391a]  _pthread_body+0x0
C  [libsystem_pthread.dylib+0x1351]  thread_start+0xd
C  0x0000000000000000


---------------  P R O C E S S  ---------------

Java Threads: ( => current thread )
  0x00007f8974801000 JavaThread "Service Thread" daemon [_thread_blocked, id=23043, stack(0x00007000016df000,0x00007000017df000)]
  0x00007f8976820800 JavaThread "C1 CompilerThread3" daemon [_thread_blocked, id=22531, stack(0x00007000015dc000,0x00007000016dc000)]
  0x00007f8977007800 JavaThread "C2 CompilerThread2" daemon [_thread_blocked, id=22019, stack(0x00007000014d9000,0x00007000015d9000)]
  0x00007f897580d800 JavaThread "C2 CompilerThread1" daemon [_thread_blocked, id=21507, stack(0x00007000013d6000,0x00007000014d6000)]
  0x00007f897600a800 JavaThread "C2 CompilerThread0" daemon [_thread_blocked, id=20995, stack(0x00007000012d3000,0x00007000013d3000)]
  0x00007f8977004000 JavaThread "JDWP Command Reader" daemon [_thread_in_native, id=20483, stack(0x00007000011d0000,0x00007000012d0000)]
  0x00007f8976820000 JavaThread "JDWP Event Helper Thread" daemon [_thread_blocked, id=19971, stack(0x00007000010cd000,0x00007000011cd000)]
=>0x00007f8975801000 JavaThread "JDWP Transport Listener: dt_socket" daemon [_thread_in_vm, id=19459, stack(0x0000700000fca000,0x00007000010ca000)]
  0x00007f8973807000 JavaThread "Signal Dispatcher" daemon [_thread_blocked, id=18707, stack(0x0000700000ec7000,0x0000700000fc7000)]
  0x00007f8974028800 JavaThread "Finalizer" daemon [_thread_blocked, id=14339, stack(0x0000700000c3b000,0x0000700000d3b000)]
  0x00007f8974027800 JavaThread "Reference Handler" daemon [_thread_blocked, id=13827, stack(0x0000700000b38000,0x0000700000c38000)]
  0x00007f8976000000 JavaThread "main" [_thread_blocked, id=5891, stack(0x000070000011a000,0x000070000021a000)]

Other Threads:
  0x00007f897300e000 VMThread [stack: 0x0000700000a35000,0x0000700000b35000] [id=13315]
  0x00007f8973026800 WatcherThread [stack: 0x00007000017e2000,0x00007000018e2000] [id=23555]

VM state:not at safepoint (normal execution)

VM Mutex/Monitor currently owned by a thread: None

Heap:
 PSYoungGen      total 76288K, used 13111K [0x000000076ab00000, 0x0000000770000000, 0x00000007c0000000)
  eden space 65536K, 20% used [0x000000076ab00000,0x000000076b7cdfe0,0x000000076eb00000)
  from space 10752K, 0% used [0x000000076f580000,0x000000076f580000,0x0000000770000000)
  to   space 10752K, 0% used [0x000000076eb00000,0x000000076eb00000,0x000000076f580000)
 ParOldGen       total 175104K, used 0K [0x00000006c0000000, 0x00000006cab00000, 0x000000076ab00000)
  object space 175104K, 0% used [0x00000006c0000000,0x00000006c0000000,0x00000006cab00000)
 Metaspace       used 5165K, capacity 5774K, committed 5888K, reserved 1056768K
  class space    used 616K, capacity 663K, committed 768K, reserved 1048576K

Card table byte_map: [0x00000001190dc000,0x00000001198dd000] byte_map_base: 0x0000000115adc000

Marking Bits: (ParMarkBitMap*) 0x000000010969d390
 Begin Bits: [0x0000000119e33000, 0x000000011de33000)
 End Bits:   [0x000000011de33000, 0x0000000121e33000)

Polling page: 0x0000000107c9c000

CodeCache: size=245760Kb used=1864Kb max_used=1864Kb free=243895Kb
 bounds [0x0000000109d1c000, 0x0000000109f8c000, 0x0000000118d1c000]
 total_blobs=592 nmethods=333 adapters=182
 compilation: enabled

Compilation events (10 events):
Event: 0.360 Thread 0x00007f8976820800  293       3       java.io.UnixFileSystem::resolve (103 bytes)
Event: 0.363 Thread 0x00007f8976820800 nmethod 293 0x0000000109ee3850 code [0x0000000109ee3b80, 0x0000000109ee5698]
Event: 0.363 Thread 0x00007f8976820800  294       3       java.lang.StringBuffer::<init> (6 bytes)
Event: 0.363 Thread 0x00007f8976820800 nmethod 294 0x0000000109ee62d0 code [0x0000000109ee6440, 0x0000000109ee66f0]
Event: 0.364 Thread 0x00007f8976820800  295       3       java.io.File::<init> (113 bytes)
Event: 0.365 Thread 0x00007f8976820800 nmethod 295 0x0000000109ee6810 code [0x0000000109ee6a60, 0x0000000109ee7518]
Event: 0.366 Thread 0x00007f8976820800  296       3       java.lang.ref.WeakReference::<init> (7 bytes)
Event: 0.367 Thread 0x00007f8976820800 nmethod 296 0x0000000109ee7a50 code [0x0000000109ee7bc0, 0x0000000109ee7e70]
Event: 0.371 Thread 0x00007f897600a800  298       4       java.util.HashMap::getNode (148 bytes)
Event: 0.376 Thread 0x00007f897600a800 nmethod 298 0x0000000109eeb210 code [0x0000000109eeb380, 0x0000000109eeb678]

GC Heap History (0 events):
No events

Deoptimization events (0 events):
No events

Internal exceptions (10 events):
Event: 0.377 Thread 0x00007f8976000000 Exception <a 'java/security/PrivilegedActionException'> (0x000000076b6dd750) thrown at [/HUDSON3/workspace/8-2-build-macosx-x86_64/jdk8u25/1514/hotspot/src/share/vm/prims/jvm.cpp, line 1312]
Event: 0.378 Thread 0x00007f8976000000 Exception <a 'java/security/PrivilegedActionException'> (0x000000076b6e3188) thrown at [/HUDSON3/workspace/8-2-build-macosx-x86_64/jdk8u25/1514/hotspot/src/share/vm/prims/jvm.cpp, line 1312]
Event: 8.410 Thread 0x00007f8976000000 Exception <a 'java/security/PrivilegedActionException'> (0x000000076b6e8870) thrown at [/HUDSON3/workspace/8-2-build-macosx-x86_64/jdk8u25/1514/hotspot/src/share/vm/prims/jvm.cpp, line 1312]
Event: 8.411 Thread 0x00007f8976000000 Exception <a 'java/security/PrivilegedActionException'> (0x000000076b6ed810) thrown at [/HUDSON3/workspace/8-2-build-macosx-x86_64/jdk8u25/1514/hotspot/src/share/vm/prims/jvm.cpp, line 1312]
Event: 8.432 Thread 0x00007f8976000000 Exception <a 'java/lang/ClassNotFoundException': java/lang/Null> (0x000000076b70c188) thrown at [/HUDSON3/workspace/8-2-build-macosx-x86_64/jdk8u25/1514/hotspot/src/share/vm/classfile/systemDictionary.cpp, line 202]
Event: 8.447 Thread 0x00007f8976000000 Exception <a 'java/lang/NoSuchMethodError': java.lang.Object.lambda$getFolkPointers$0(Lit/giacomobergami/facerei/utils/literature/Contents;)Z> (0x000000076b728948) thrown at [/HUDSON3/workspace/8-2-build-macosx-x86_64/jdk8u25/1514/hotspot/src/share/vm/int
Event: 8.485 Thread 0x00007f8976000000 Exception <a 'java/lang/NoSuchFieldError': method resolution failed> (0x000000076b770690) thrown at [/HUDSON3/workspace/8-2-build-macosx-x86_64/jdk8u25/1514/hotspot/src/share/vm/prims/methodHandles.cpp, line 1159]
Event: 8.493 Thread 0x00007f8976000000 Exception <a 'java/lang/NoSuchFieldError': method resolution failed> (0x000000076b77f228) thrown at [/HUDSON3/workspace/8-2-build-macosx-x86_64/jdk8u25/1514/hotspot/src/share/vm/prims/methodHandles.cpp, line 1159]
Event: 8.495 Thread 0x00007f8976000000 Exception <a 'java/lang/NoSuchFieldError': method resolution failed> (0x000000076b782388) thrown at [/HUDSON3/workspace/8-2-build-macosx-x86_64/jdk8u25/1514/hotspot/src/share/vm/prims/methodHandles.cpp, line 1159]
Event: 8.532 Thread 0x00007f8976000000 Exception <a 'java/lang/NoSuchMethodError': java.lang.Object.lambda$getFolkPointers$1(Lit/giacomobergami/facerei/utils/literature/Contents;)Lit/giacomobergami/facerei/utils/URI/ResourceIDStructured;> (0x000000076b7c0cd8) thrown at [/HUDSON3/workspace/8-2-

Events (10 events):
Event: 54.879 Executing VM operation: ForceSafepoint
Event: 54.879 Executing VM operation: ForceSafepoint done
Event: 519.606 Executing VM operation: ChangeBreakpoints
Event: 519.606 Executing VM operation: ChangeBreakpoints done
Event: 619.043 Executing VM operation: ChangeBreakpoints
Event: 619.043 Executing VM operation: ChangeBreakpoints done
Event: 623.687 Executing VM operation: ChangeBreakpoints
Event: 623.687 Executing VM operation: ChangeBreakpoints done
Event: 1230.681 Executing VM operation: RedefineClasses
Event: 1230.691 Executing VM operation: RedefineClasses done


Dynamic libraries:
0x000000000831e000 	/System/Library/Frameworks/Cocoa.framework/Versions/A/Cocoa
0x000000000831e000 	/System/Library/Frameworks/Security.framework/Versions/A/Security
0x000000000831e000 	/System/Library/Frameworks/ApplicationServices.framework/Versions/A/ApplicationServices
0x000000000831e000 	/usr/lib/libz.1.dylib
0x000000000831e000 	/usr/lib/libSystem.B.dylib
0x000000000831e000 	/usr/lib/libobjc.A.dylib
0x000000000831e000 	/System/Library/Frameworks/CoreFoundation.framework/Versions/A/CoreFoundation
0x000000000831e000 	/System/Library/Frameworks/Foundation.framework/Versions/C/Foundation
0x000000000831e000 	/System/Library/Frameworks/AppKit.framework/Versions/C/AppKit
0x000000000831e000 	/System/Library/Frameworks/CoreData.framework/Versions/A/CoreData
0x000000000831e000 	/System/Library/PrivateFrameworks/RemoteViewServices.framework/Versions/A/RemoteViewServices
0x000000000831e000 	/System/Library/PrivateFrameworks/UIFoundation.framework/Versions/A/UIFoundation
0x000000000831e000 	/usr/lib/libScreenReader.dylib
0x000000000831e000 	/System/Library/Frameworks/Accelerate.framework/Versions/A/Accelerate
0x000000000831e000 	/System/Library/Frameworks/IOSurface.framework/Versions/A/IOSurface
0x000000000831e000 	/System/Library/Frameworks/AudioToolbox.framework/Versions/A/AudioToolbox
0x000000000831e000 	/System/Library/Frameworks/AudioUnit.framework/Versions/A/AudioUnit
0x000000000831e000 	/System/Library/PrivateFrameworks/DataDetectorsCore.framework/Versions/A/DataDetectorsCore
0x000000000831e000 	/System/Library/PrivateFrameworks/DesktopServicesPriv.framework/Versions/A/DesktopServicesPriv
0x000000000831e000 	/System/Library/Frameworks/Carbon.framework/Versions/A/Frameworks/HIToolbox.framework/Versions/A/HIToolbox
0x000000000831e000 	/System/Library/Frameworks/QuartzCore.framework/Versions/A/QuartzCore
0x000000000831e000 	/System/Library/Frameworks/Carbon.framework/Versions/A/Frameworks/SpeechRecognition.framework/Versions/A/SpeechRecognition
0x000000000831e000 	/usr/lib/libauto.dylib
0x000000000831e000 	/usr/lib/libicucore.A.dylib
0x000000000831e000 	/usr/lib/libxml2.2.dylib
0x000000000831e000 	/System/Library/PrivateFrameworks/CoreUI.framework/Versions/A/CoreUI
0x000000000831e000 	/System/Library/Frameworks/CoreAudio.framework/Versions/A/CoreAudio
0x000000000831e000 	/System/Library/Frameworks/DiskArbitration.framework/Versions/A/DiskArbitration
0x000000000831e000 	/usr/lib/liblangid.dylib
0x000000000831e000 	/System/Library/PrivateFrameworks/MultitouchSupport.framework/Versions/A/MultitouchSupport
0x000000000831e000 	/System/Library/Frameworks/IOKit.framework/Versions/A/IOKit
0x000000000831e000 	/usr/lib/libDiagnosticMessagesClient.dylib
0x000000000831e000 	/System/Library/Frameworks/CoreServices.framework/Versions/A/CoreServices
0x000000000831e000 	/System/Library/PrivateFrameworks/PerformanceAnalysis.framework/Versions/A/PerformanceAnalysis
0x000000000831e000 	/System/Library/PrivateFrameworks/GenerationalStorage.framework/Versions/A/GenerationalStorage
0x000000000831e000 	/System/Library/Frameworks/OpenGL.framework/Versions/A/OpenGL
0x000000000831e000 	/System/Library/PrivateFrameworks/Sharing.framework/Versions/A/Sharing
0x000000000831e000 	/System/Library/Frameworks/CoreGraphics.framework/Versions/A/CoreGraphics
0x000000000831e000 	/System/Library/Frameworks/CoreImage.framework/Versions/A/CoreImage
0x000000000831e000 	/System/Library/Frameworks/CoreText.framework/Versions/A/CoreText
0x000000000831e000 	/System/Library/Frameworks/ImageIO.framework/Versions/A/ImageIO
0x000000000831e000 	/System/Library/PrivateFrameworks/Backup.framework/Versions/A/Backup
0x000000000831e000 	/usr/lib/libextension.dylib
0x000000000831e000 	/usr/lib/libarchive.2.dylib
0x000000000831e000 	/System/Library/Frameworks/CFNetwork.framework/Versions/A/CFNetwork
0x000000000831e000 	/System/Library/Frameworks/SystemConfiguration.framework/Versions/A/SystemConfiguration
0x000000000831e000 	/usr/lib/libCRFSuite.dylib
0x000000000831e000 	/usr/lib/libc++.1.dylib
0x000000000831e000 	/usr/lib/libc++abi.dylib
0x000000000831e000 	/usr/lib/system/libcache.dylib
0x000000000831e000 	/usr/lib/system/libcommonCrypto.dylib
0x000000000831e000 	/usr/lib/system/libcompiler_rt.dylib
0x000000000831e000 	/usr/lib/system/libcopyfile.dylib
0x000000000831e000 	/usr/lib/system/libcorecrypto.dylib
0x000000000831e000 	/usr/lib/system/libdispatch.dylib
0x000000000831e000 	/usr/lib/system/libdyld.dylib
0x000000000831e000 	/usr/lib/system/libkeymgr.dylib
0x000000000831e000 	/usr/lib/system/liblaunch.dylib
0x000000000831e000 	/usr/lib/system/libmacho.dylib
0x000000000831e000 	/usr/lib/system/libquarantine.dylib
0x000000000831e000 	/usr/lib/system/libremovefile.dylib
0x000000000831e000 	/usr/lib/system/libsystem_asl.dylib
0x000000000831e000 	/usr/lib/system/libsystem_blocks.dylib
0x000000000831e000 	/usr/lib/system/libsystem_c.dylib
0x000000000831e000 	/usr/lib/system/libsystem_configuration.dylib
0x000000000831e000 	/usr/lib/system/libsystem_coreservices.dylib
0x000000000831e000 	/usr/lib/system/libsystem_coretls.dylib
0x000000000831e000 	/usr/lib/system/libsystem_dnssd.dylib
0x000000000831e000 	/usr/lib/system/libsystem_info.dylib
0x000000000831e000 	/usr/lib/system/libsystem_kernel.dylib
0x000000000831e000 	/usr/lib/system/libsystem_m.dylib
0x000000000831e000 	/usr/lib/system/libsystem_malloc.dylib
0x000000000831e000 	/usr/lib/system/libsystem_network.dylib
0x000000000831e000 	/usr/lib/system/libsystem_networkextension.dylib
0x000000000831e000 	/usr/lib/system/libsystem_notify.dylib
0x000000000831e000 	/usr/lib/system/libsystem_platform.dylib
0x000000000831e000 	/usr/lib/system/libsystem_pthread.dylib
0x000000000831e000 	/usr/lib/system/libsystem_sandbox.dylib
0x000000000831e000 	/usr/lib/system/libsystem_secinit.dylib
0x000000000831e000 	/usr/lib/system/libsystem_trace.dylib
0x000000000831e000 	/usr/lib/system/libunc.dylib
0x000000000831e000 	/usr/lib/system/libunwind.dylib
0x000000000831e000 	/usr/lib/system/libxpc.dylib
0x000000000831e000 	/usr/lib/libenergytrace.dylib
0x000000000831e000 	/usr/lib/libbsm.0.dylib
0x000000000831e000 	/usr/lib/system/libkxld.dylib
0x000000000831e000 	/usr/lib/libxar.1.dylib
0x000000000831e000 	/usr/lib/libsqlite3.dylib
0x000000000831e000 	/usr/lib/libpam.2.dylib
0x000000000831e000 	/usr/lib/libOpenScriptingUtil.dylib
0x000000000831e000 	/usr/lib/libbz2.1.0.dylib
0x000000000831e000 	/usr/lib/liblzma.5.dylib
0x000000000831e000 	/System/Library/Frameworks/CoreServices.framework/Versions/A/Frameworks/FSEvents.framework/Versions/A/FSEvents
0x000000000831e000 	/System/Library/Frameworks/CoreServices.framework/Versions/A/Frameworks/CarbonCore.framework/Versions/A/CarbonCore
0x000000000831e000 	/System/Library/Frameworks/CoreServices.framework/Versions/A/Frameworks/Metadata.framework/Versions/A/Metadata
0x000000000831e000 	/System/Library/Frameworks/CoreServices.framework/Versions/A/Frameworks/OSServices.framework/Versions/A/OSServices
0x000000000831e000 	/System/Library/Frameworks/CoreServices.framework/Versions/A/Frameworks/SearchKit.framework/Versions/A/SearchKit
0x000000000831e000 	/System/Library/Frameworks/CoreServices.framework/Versions/A/Frameworks/AE.framework/Versions/A/AE
0x000000000831e000 	/System/Library/Frameworks/CoreServices.framework/Versions/A/Frameworks/LaunchServices.framework/Versions/A/LaunchServices
0x000000000831e000 	/System/Library/Frameworks/CoreServices.framework/Versions/A/Frameworks/DictionaryServices.framework/Versions/A/DictionaryServices
0x000000000831e000 	/System/Library/Frameworks/CoreServices.framework/Versions/A/Frameworks/SharedFileList.framework/Versions/A/SharedFileList
0x000000000831e000 	/System/Library/Frameworks/NetFS.framework/Versions/A/NetFS
0x000000000831e000 	/System/Library/PrivateFrameworks/NetAuth.framework/Versions/A/NetAuth
0x000000000831e000 	/System/Library/PrivateFrameworks/login.framework/Versions/A/Frameworks/loginsupport.framework/Versions/A/loginsupport
0x000000000831e000 	/System/Library/PrivateFrameworks/TCC.framework/Versions/A/TCC
0x000000000831e000 	/usr/lib/libmecabra.dylib
0x000000000831e000 	/System/Library/Frameworks/ApplicationServices.framework/Versions/A/Frameworks/ATS.framework/Versions/A/ATS
0x000000000831e000 	/System/Library/Frameworks/ApplicationServices.framework/Versions/A/Frameworks/ColorSync.framework/Versions/A/ColorSync
0x000000000831e000 	/System/Library/Frameworks/ApplicationServices.framework/Versions/A/Frameworks/HIServices.framework/Versions/A/HIServices
0x000000000831e000 	/System/Library/Frameworks/ApplicationServices.framework/Versions/A/Frameworks/LangAnalysis.framework/Versions/A/LangAnalysis
0x000000000831e000 	/System/Library/Frameworks/ApplicationServices.framework/Versions/A/Frameworks/PrintCore.framework/Versions/A/PrintCore
0x000000000831e000 	/System/Library/Frameworks/ApplicationServices.framework/Versions/A/Frameworks/QD.framework/Versions/A/QD
0x000000000831e000 	/System/Library/Frameworks/ApplicationServices.framework/Versions/A/Frameworks/SpeechSynthesis.framework/Versions/A/SpeechSynthesis
0x000000000831e000 	/System/Library/Frameworks/Metal.framework/Versions/A/Metal
0x000000000831e000 	/System/Library/Frameworks/Accelerate.framework/Versions/A/Frameworks/vImage.framework/Versions/A/vImage
0x000000000831e000 	/System/Library/Frameworks/Accelerate.framework/Versions/A/Frameworks/vecLib.framework/Versions/A/vecLib
0x000000000831e000 	/System/Library/Frameworks/Accelerate.framework/Versions/A/Frameworks/vecLib.framework/Versions/A/libvDSP.dylib
0x000000000831e000 	/System/Library/Frameworks/Accelerate.framework/Versions/A/Frameworks/vecLib.framework/Versions/A/libvMisc.dylib
0x000000000831e000 	/System/Library/Frameworks/Accelerate.framework/Versions/A/Frameworks/vecLib.framework/Versions/A/libLAPACK.dylib
0x000000000831e000 	/System/Library/Frameworks/Accelerate.framework/Versions/A/Frameworks/vecLib.framework/Versions/A/libBLAS.dylib
0x000000000831e000 	/System/Library/Frameworks/Accelerate.framework/Versions/A/Frameworks/vecLib.framework/Versions/A/libLinearAlgebra.dylib
0x000000000831e000 	/System/Library/Frameworks/Accelerate.framework/Versions/A/Frameworks/vecLib.framework/Versions/A/libSparseBLAS.dylib
0x000000000831e000 	/System/Library/PrivateFrameworks/GPUCompiler.framework/libmetal_timestamp.dylib
0x000000000831e000 	/System/Library/Frameworks/OpenGL.framework/Versions/A/Libraries/libCoreFSCache.dylib
0x000000000831e000 	/System/Library/PrivateFrameworks/IOAccelerator.framework/Versions/A/IOAccelerator
0x000000000831e000 	/System/Library/Frameworks/ApplicationServices.framework/Versions/A/Frameworks/ATS.framework/Versions/A/Resources/libFontParser.dylib
0x000000000831e000 	/System/Library/Frameworks/ApplicationServices.framework/Versions/A/Frameworks/ATS.framework/Versions/A/Resources/libFontRegistry.dylib
0x000000000831e000 	/System/Library/PrivateFrameworks/AppleVPA.framework/Versions/A/AppleVPA
0x000000000831e000 	/System/Library/PrivateFrameworks/AppleJPEG.framework/Versions/A/AppleJPEG
0x000000000831e000 	/System/Library/Frameworks/ImageIO.framework/Versions/A/Resources/libJPEG.dylib
0x000000000831e000 	/System/Library/Frameworks/ImageIO.framework/Versions/A/Resources/libTIFF.dylib
0x000000000831e000 	/System/Library/Frameworks/ImageIO.framework/Versions/A/Resources/libPng.dylib
0x000000000831e000 	/System/Library/Frameworks/ImageIO.framework/Versions/A/Resources/libGIF.dylib
0x000000000831e000 	/System/Library/Frameworks/ImageIO.framework/Versions/A/Resources/libJP2.dylib
0x000000000831e000 	/System/Library/Frameworks/ImageIO.framework/Versions/A/Resources/libRadiance.dylib
0x000000000831e000 	/System/Library/Frameworks/CoreVideo.framework/Versions/A/CoreVideo
0x000000000831e000 	/System/Library/Frameworks/OpenGL.framework/Versions/A/Libraries/libGLU.dylib
0x000000000831e000 	/System/Library/Frameworks/OpenGL.framework/Versions/A/Libraries/libGFXShared.dylib
0x000000000831e000 	/System/Library/Frameworks/OpenGL.framework/Versions/A/Libraries/libGL.dylib
0x000000000831e000 	/System/Library/Frameworks/OpenGL.framework/Versions/A/Libraries/libGLImage.dylib
0x000000000831e000 	/System/Library/Frameworks/OpenGL.framework/Versions/A/Libraries/libCVMSPluginSupport.dylib
0x000000000831e000 	/System/Library/Frameworks/OpenGL.framework/Versions/A/Libraries/libCoreVMClient.dylib
0x000000000831e000 	/usr/lib/libcompression.dylib
0x000000000831e000 	/usr/lib/libcups.2.dylib
0x000000000831e000 	/System/Library/Frameworks/Kerberos.framework/Versions/A/Kerberos
0x000000000831e000 	/System/Library/Frameworks/GSS.framework/Versions/A/GSS
0x000000000831e000 	/usr/lib/libresolv.9.dylib
0x000000000831e000 	/usr/lib/libiconv.2.dylib
0x000000000831e000 	/System/Library/PrivateFrameworks/Heimdal.framework/Versions/A/Heimdal
0x000000000831e000 	/usr/lib/libheimdal-asn1.dylib
0x000000000831e000 	/System/Library/Frameworks/OpenDirectory.framework/Versions/A/OpenDirectory
0x000000000831e000 	/System/Library/PrivateFrameworks/CommonAuth.framework/Versions/A/CommonAuth
0x000000000831e000 	/System/Library/Frameworks/OpenDirectory.framework/Versions/A/Frameworks/CFOpenDirectory.framework/Versions/A/CFOpenDirectory
0x000000000831e000 	/System/Library/Frameworks/SecurityFoundation.framework/Versions/A/SecurityFoundation
0x000000000831e000 	/System/Library/PrivateFrameworks/LanguageModeling.framework/Versions/A/LanguageModeling
0x000000000831e000 	/usr/lib/libmarisa.dylib
0x000000000831e000 	/usr/lib/libChineseTokenizer.dylib
0x000000000831e000 	/usr/lib/libcmph.dylib
0x000000000831e000 	/System/Library/Frameworks/ServiceManagement.framework/Versions/A/ServiceManagement
0x000000000831e000 	/usr/lib/libxslt.1.dylib
0x000000000831e000 	/System/Library/Frameworks/Carbon.framework/Versions/A/Frameworks/Ink.framework/Versions/A/Ink
0x000000000831e000 	/usr/lib/libFosl_dynamic.dylib
0x000000000831e000 	/System/Library/PrivateFrameworks/FaceCore.framework/Versions/A/FaceCore
0x000000000831e000 	/System/Library/Frameworks/OpenCL.framework/Versions/A/OpenCL
0x000000000831e000 	/System/Library/PrivateFrameworks/CrashReporterSupport.framework/Versions/A/CrashReporterSupport
0x000000000831e000 	/System/Library/PrivateFrameworks/IconServices.framework/Versions/A/IconServices
0x000000000831e000 	/System/Library/PrivateFrameworks/Apple80211.framework/Versions/A/Apple80211
0x000000000831e000 	/System/Library/Frameworks/CoreWLAN.framework/Versions/A/CoreWLAN
0x000000000831e000 	/System/Library/Frameworks/IOBluetooth.framework/Versions/A/IOBluetooth
0x000000000831e000 	/System/Library/PrivateFrameworks/CoreWiFi.framework/Versions/A/CoreWiFi
0x000000000831e000 	/System/Library/Frameworks/CoreBluetooth.framework/Versions/A/CoreBluetooth
0x000000000831e000 	/System/Library/PrivateFrameworks/ChunkingLibrary.framework/Versions/A/ChunkingLibrary
0x000000000831e000 	/System/Library/PrivateFrameworks/DebugSymbols.framework/Versions/A/DebugSymbols
0x000000000831e000 	/System/Library/PrivateFrameworks/CoreSymbolication.framework/Versions/A/CoreSymbolication
0x000000000831e000 	/System/Library/PrivateFrameworks/Symbolication.framework/Versions/A/Symbolication
0x000000000831e000 	/System/Library/PrivateFrameworks/SpeechRecognitionCore.framework/Versions/A/SpeechRecognitionCore
0x0000000108e00000 	/Library/Java/JavaVirtualMachines/jdk1.8.0_25.jdk/Contents/Home/jre/lib/server/libjvm.dylib
0x000000000831e000 	/usr/lib/libstdc++.6.dylib
0x0000000107c5a000 	/Library/Java/JavaVirtualMachines/jdk1.8.0_25.jdk/Contents/Home/jre/lib/libverify.dylib
0x0000000107c68000 	/Library/Java/JavaVirtualMachines/jdk1.8.0_25.jdk/Contents/Home/jre/lib/libjava.dylib
0x0000000107c9d000 	/Library/Java/JavaVirtualMachines/jdk1.8.0_25.jdk/Contents/Home/jre/lib/libjdwp.dylib
0x0000000107ce8000 	/Library/Java/JavaVirtualMachines/jdk1.8.0_25.jdk/Contents/Home/jre/lib/libnpt.dylib
0x0000000107cf5000 	/Library/Java/JavaVirtualMachines/jdk1.8.0_25.jdk/Contents/Home/jre/lib/libzip.dylib
0x0000000124cdb000 	/System/Library/Frameworks/JavaVM.framework/Frameworks/JavaRuntimeSupport.framework/JavaRuntimeSupport
0x0000000124cf6000 	/System/Library/Frameworks/JavaVM.framework/Versions/A/Frameworks/JavaNativeFoundation.framework/Versions/A/JavaNativeFoundation
0x0000000107df2000 	/System/Library/Frameworks/JavaVM.framework/Versions/A/JavaVM
0x000000000831e000 	/System/Library/Frameworks/Carbon.framework/Versions/A/Carbon
0x0000000124d0b000 	/System/Library/PrivateFrameworks/JavaLaunching.framework/Versions/A/JavaLaunching
0x000000000831e000 	/System/Library/Frameworks/Carbon.framework/Versions/A/Frameworks/CommonPanels.framework/Versions/A/CommonPanels
0x000000000831e000 	/System/Library/Frameworks/Carbon.framework/Versions/A/Frameworks/Help.framework/Versions/A/Help
0x000000000831e000 	/System/Library/Frameworks/Carbon.framework/Versions/A/Frameworks/ImageCapture.framework/Versions/A/ImageCapture
0x000000000831e000 	/System/Library/Frameworks/Carbon.framework/Versions/A/Frameworks/OpenScripting.framework/Versions/A/OpenScripting
0x000000000831e000 	/System/Library/Frameworks/Carbon.framework/Versions/A/Frameworks/Print.framework/Versions/A/Print
0x000000000831e000 	/System/Library/Frameworks/Carbon.framework/Versions/A/Frameworks/SecurityHI.framework/Versions/A/SecurityHI
0x000000012662e000 	/Library/Java/JavaVirtualMachines/jdk1.8.0_25.jdk/Contents/Home/jre/lib/libdt_socket.dylib

VM Arguments:
jvm_args: -agentlib:jdwp=transport=dt_socket,address=127.0.0.1:65380,suspend=y,server=n -Dfile.encoding=UTF-8 
java_command: it.giacomobergami.facerei.Queries.PerformQuery
java_class_path (initial): /Library/Java/JavaVirtualMachines/jdk1.8.0_25.jdk/Contents/Home/jre/lib/charsets.jar:/Library/Java/JavaVirtualMachines/jdk1.8.0_25.jdk/Contents/Home/jre/lib/deploy.jar:/Library/Java/JavaVirtualMachines/jdk1.8.0_25.jdk/Contents/Home/jre/lib/ext/cldrdata.jar:/Library/Java/JavaVirtualMachines/jdk1.8.0_25.jdk/Contents/Home/jre/lib/ext/dnsns.jar:/Library/Java/JavaVirtualMachines/jdk1.8.0_25.jdk/Contents/Home/jre/lib/ext/jfxrt.jar:/Library/Java/JavaVirtualMachines/jdk1.8.0_25.jdk/Contents/Home/jre/lib/ext/localedata.jar:/Library/Java/JavaVirtualMachines/jdk1.8.0_25.jdk/Contents/Home/jre/lib/ext/nashorn.jar:/Library/Java/JavaVirtualMachines/jdk1.8.0_25.jdk/Contents/Home/jre/lib/ext/sunec.jar:/Library/Java/JavaVirtualMachines/jdk1.8.0_25.jdk/Contents/Home/jre/lib/ext/sunjce_provider.jar:/Library/Java/JavaVirtualMachines/jdk1.8.0_25.jdk/Contents/Home/jre/lib/ext/sunpkcs11.jar:/Library/Java/JavaVirtualMachines/jdk1.8.0_25.jdk/Contents/Home/jre/lib/ext/zipfs.jar:/Library/Java/JavaVirtualMachines/jdk1.8.0_25.jdk/Contents/Home/jre/lib/javaws.jar:/Library/Java/JavaVirtualMachines/jdk1.8.0_25.jdk/Contents/Home/jre/lib/jce.jar:/Library/Java/JavaVirtualMachines/jdk1.8.0_25.jdk/Contents/Home/jre/lib/jfr.jar:/Library/Java/JavaVirtualMachines/jdk1.8.0_25.jdk/Contents/Home/jre/lib/jfxswt.jar:/Library/Java/JavaVirtualMachines/jdk1.8.0_25.jdk/Contents/Home/jre/lib/jsse.jar:/Library/Java/JavaVirtualMachines/jdk1.8.0_25.jdk/Contents/Home/jre/lib/management-agent.jar:/Library/Java/JavaVirtualMachines/jdk1.8.0_25.jdk/Contents/Home/jre/lib/plugin.jar:/Library/Java/JavaVirtualMachines/jdk1.8.0_25.jdk/Contents/Home/jre/lib/resources.jar:/Library/Java/JavaVirtualMachines/jdk1.8.0_25.jdk/Contents/Home/jre/lib/rt.jar:/Library/Java/JavaVirtualMachines/jdk1.8.0_25.jdk/Contents/Home/lib/ant-javafx.jar:/Library/Java/JavaVirtualMachines/jdk1.8.0_25.jdk/Contents/Home/lib/dt.jar:/Library/Java/JavaVirtualMachines/jdk1.8.0_25.jdk/Contents/Home/lib/javafx-mx.jar:/Library/Java/Jav
Launcher Type: SUN_STANDARD

Environment Variables:
JAVA_HOME=/Library/Java/JavaVirtualMachines/jdk1.8.0_25.jdk/Contents/Home
PATH=/Users/vasistas/.opam/system/bin:/Library/PostgreSQL/9.4/bin:/opt/local/bin:/usr/local/bin:/usr/bin:/bin:/usr/sbin:/sbin:/opt/X11/bin:/usr/local/mysql/bin:/Library/TeX/texbin
SHELL=/bin/bash
DISPLAY=/private/tmp/com.apple.launchd.awA1QjDTto/org.macosforge.xquartz:0

Signal Handlers:
SIGSEGV: [libjvm.dylib+0x579dc7], sa_mask[0]=11111111011111110111111111111111, sa_flags=SA_ONSTACK|SA_RESTART|SA_SIGINFO
SIGBUS: [libjvm.dylib+0x579dc7], sa_mask[0]=11111111011111110111111111111111, sa_flags=SA_RESTART|SA_SIGINFO
SIGFPE: [libjvm.dylib+0x45b030], sa_mask[0]=11111111011111110111111111111111, sa_flags=SA_RESTART|SA_SIGINFO
SIGPIPE: [libjvm.dylib+0x45b030], sa_mask[0]=11111111011111110111111111111111, sa_flags=SA_RESTART|SA_SIGINFO
SIGXFSZ: [libjvm.dylib+0x45b030], sa_mask[0]=11111111011111110111111111111111, sa_flags=SA_RESTART|SA_SIGINFO
SIGILL: [libjvm.dylib+0x45b030], sa_mask[0]=11111111011111110111111111111111, sa_flags=SA_RESTART|SA_SIGINFO
SIGUSR1: SIG_DFL, sa_mask[0]=00000000000000000000000000000000, sa_flags=none
SIGUSR2: [libjvm.dylib+0x45ab4e], sa_mask[0]=00100000000000000000000000000000, sa_flags=SA_RESTART|SA_SIGINFO
SIGHUP: [libjvm.dylib+0x459121], sa_mask[0]=11111111011111110111111111111111, sa_flags=SA_RESTART|SA_SIGINFO
SIGINT: [libjvm.dylib+0x459121], sa_mask[0]=11111111011111110111111111111111, sa_flags=SA_RESTART|SA_SIGINFO
SIGTERM: [libjvm.dylib+0x459121], sa_mask[0]=11111111011111110111111111111111, sa_flags=SA_RESTART|SA_SIGINFO
SIGQUIT: [libjvm.dylib+0x459121], sa_mask[0]=11111111011111110111111111111111, sa_flags=SA_RESTART|SA_SIGINFO


---------------  S Y S T E M  ---------------

OS:Bsduname:Darwin 15.6.0 Darwin Kernel Version 15.6.0: Thu Jun 23 18:25:34 PDT 2016; root:xnu-3248.60.10~1/RELEASE_X86_64 x86_64
rlimit: STACK 8192k, CORE 0k, NPROC 709, NOFILE 10240, AS infinity
load average:2.80 2.42 2.40

CPU:total 8 (4 cores per cpu, 2 threads per core) family 6 model 70 stepping 1, cmov, cx8, fxsr, mmx, sse, sse2, sse3, ssse3, sse4.1, sse4.2, popcnt, avx, avx2, aes, clmul, erms, lzcnt, ht, tsc, tscinvbit, bmi1, bmi2

Memory: 4k page, physical 16777216k(1549688k free)

/proc/meminfo:


vm_info: Java HotSpot(TM) 64-Bit Server VM (25.25-b02) for bsd-amd64 JRE (1.8.0_25-b17), built on Sep 17 2014 16:56:50 by "java_re" with gcc 4.2.1 (Based on Apple Inc. build 5658) (LLVM build 2336.11.00)

time: Sat Jul 30 03:06:04 2016
elapsed time: 1230 seconds (0d 0h 20m 30s)

